<?xml version="1.0" encoding="UTF-8"?>
<testsuite name="edu.bsu.cs222.wikipedia.testConnection" tests="1" skipped="0" failures="0" errors="0" timestamp="2023-09-26T17:00:53" hostname="FIERYFOXED" time="0.001">
  <properties/>
  <testcase name="testCreateURL()" classname="edu.bsu.cs222.wikipedia.testConnection" time="0.001"/>
  <system-out><![CDATA[]]></system-out>
  <system-err><![CDATA[]]></system-err>
</testsuite>
