<?xml version="1.0" encoding="UTF-8"?>
<testsuite name="edu.bsu.cs222.TestConnection" tests="1" skipped="0" failures="0" errors="0" timestamp="2023-10-03T16:50:35" hostname="FIERYFOXED" time="0.001">
  <properties/>
  <testcase name="testCreateURL()" classname="edu.bsu.cs222.TestConnection" time="0.001"/>
  <system-out><![CDATA[]]></system-out>
  <system-err><![CDATA[]]></system-err>
</testsuite>
