<?xml version="1.0" encoding="UTF-8"?>
<testsuite name="edu.bsu.cs222.TestChangeLogFormatter" tests="1" skipped="0" failures="0" errors="0" timestamp="2023-10-03T16:50:35" hostname="FIERYFOXED" time="0.01">
  <properties/>
  <testcase name="testChangeLogFormatted()" classname="edu.bsu.cs222.TestChangeLogFormatter" time="0.01"/>
  <system-out><![CDATA[]]></system-out>
  <system-err><![CDATA[]]></system-err>
</testsuite>
