<?xml version="1.0" encoding="UTF-8"?>
<testsuite name="edu.bsu.cs222.wikipedia.testChangeLogFormatter" tests="1" skipped="0" failures="0" errors="0" timestamp="2023-09-26T17:00:53" hostname="FIERYFOXED" time="0.007">
  <properties/>
  <testcase name="testChangeLogFormatted()" classname="edu.bsu.cs222.wikipedia.testChangeLogFormatter" time="0.007"/>
  <system-out><![CDATA[]]></system-out>
  <system-err><![CDATA[]]></system-err>
</testsuite>
