<?xml version="1.0" encoding="UTF-8"?>
<testsuite name="edu.bsu.cs222.wikipedia.testChangeLog" tests="3" skipped="0" failures="0" errors="0" timestamp="2023-09-26T17:00:53" hostname="FIERYFOXED" time="0.038">
  <properties/>
  <testcase name="testChangeLogTime()" classname="edu.bsu.cs222.wikipedia.testChangeLog" time="0.031"/>
  <testcase name="testChangeLogUser()" classname="edu.bsu.cs222.wikipedia.testChangeLog" time="0.002"/>
  <testcase name="testChangeLogLength()" classname="edu.bsu.cs222.wikipedia.testChangeLog" time="0.001"/>
  <system-out><![CDATA[]]></system-out>
  <system-err><![CDATA[]]></system-err>
</testsuite>
