<?xml version="1.0" encoding="UTF-8"?>
<testsuite name="edu.bsu.cs222.TestChangeLog" tests="3" skipped="0" failures="0" errors="0" timestamp="2023-10-03T16:50:35" hostname="FIERYFOXED" time="0.044">
  <properties/>
  <testcase name="testChangeLogTime()" classname="edu.bsu.cs222.TestChangeLog" time="0.035"/>
  <testcase name="testChangeLogUser()" classname="edu.bsu.cs222.TestChangeLog" time="0.001"/>
  <testcase name="testChangeLogLength()" classname="edu.bsu.cs222.TestChangeLog" time="0.001"/>
  <system-out><![CDATA[]]></system-out>
  <system-err><![CDATA[]]></system-err>
</testsuite>
